# JRE version: OpenJDK Runtime Environment Temurin-17.0.7+7 (17.0.7+7) (build 17.0.7+7)
# Java VM: OpenJDK 64-Bit Server VM Temurin-17.0.7+7 (17.0.7+7, mixed mode, sharing, tiered, compressed oops, compressed class ptrs, g1 gc, windows-amd64)
GC Precious Log:
 CPUs: 4 total, 4 available
 Memory: 8026M
 Large Page Support: Disabled
 NUMA Support: Disabled
 Compressed Oops: Enabled (32-bit)
 Heap Region Size: 1M
 Heap Min Capacity: 8M
 Heap Initial Capacity: 126M
 Heap Max Capacity: 2008M
 Pre-touch: Disabled
 Parallel Workers: 4
 Concurrent Workers: 1
 Concurrent Refinement Workers: 4
 Periodic GC: Disabled
Heap:
 garbage-first heap   total 268288K, used 138240K [0x0000000082800000, 0x0000000100000000)
  region size 1024K, 3 young (3072K), 3 survivors (3072K)
 Metaspace       used 2177K, committed 2304K, reserved 1114112K
  class space    used 215K, committed 256K, reserved 1048576K
GC Heap History (17 events):
Event: 0.268 GC heap before
{Heap before GC invocations=0 (full 0):
 garbage-first heap   total 129024K, used 13312K [0x0000000082800000, 0x0000000100000000)
  region size 1024K, 13 young (13312K), 0 survivors (0K)
 Metaspace       used 839K, committed 960K, reserved 1114112K
  class space    used 71K, committed 128K, reserved 1048576K
}
Event: 0.278 GC heap after
{Heap after GC invocations=1 (full 0):
 garbage-first heap   total 129024K, used 11197K [0x0000000082800000, 0x0000000100000000)
  region size 1024K, 2 young (2048K), 2 survivors (2048K)
 Metaspace       used 839K, committed 960K, reserved 1114112K
  class space    used 71K, committed 128K, reserved 1048576K
}
Event: 0.304 GC heap before
{Heap before GC invocations=1 (full 0):
 garbage-first heap   total 129024K, used 19389K [0x0000000082800000, 0x0000000100000000)
  region size 1024K, 9 young (9216K), 2 survivors (2048K)
 Metaspace       used 839K, committed 960K, reserved 1114112K
  class space    used 71K, committed 128K, reserved 1048576K
}
Event: 0.313 GC heap after
{Heap after GC invocations=2 (full 0):
 garbage-first heap   total 129024K, used 19456K [0x0000000082800000, 0x0000000100000000)
  region size 1024K, 2 young (2048K), 2 survivors (2048K)
 Metaspace       used 839K, committed 960K, reserved 1114112K
  class space    used 71K, committed 128K, reserved 1048576K
}
Event: 0.412 GC heap before
{Heap before GC invocations=2 (full 0):
 garbage-first heap   total 129024K, used 32768K [0x0000000082800000, 0x0000000100000000)
  region size 1024K, 14 young (14336K), 2 survivors (2048K)
 Metaspace       used 934K, committed 1024K, reserved 1114112K
  class space    used 79K, committed 128K, reserved 1048576K
}
Event: 0.423 GC heap after
{Heap after GC invocations=3 (full 0):
 garbage-first heap   total 129024K, used 29156K [0x0000000082800000, 0x0000000100000000)
  region size 1024K, 2 young (2048K), 2 survivors (2048K)
 Metaspace       used 934K, committed 1024K, reserved 1114112K
  class space    used 79K, committed 128K, reserved 1048576K
}
Event: 0.515 GC heap before
{Heap before GC invocations=3 (full 0):
 garbage-first heap   total 129024K, used 46564K [0x0000000082800000, 0x0000000100000000)
  region size 1024K, 19 young (19456K), 2 survivors (2048K)
 Metaspace       used 934K, committed 1024K, reserved 1114112K
  class space    used 79K, committed 128K, reserved 1048576K
}
Event: 0.531 GC heap after
{Heap after GC invocations=4 (full 0):
 garbage-first heap   total 129024K, used 39842K [0x0000000082800000, 0x0000000100000000)
  region size 1024K, 3 young (3072K), 3 survivors (3072K)
 Metaspace       used 934K, committed 1024K, reserved 1114112K
  class space    used 79K, committed 128K, reserved 1048576K
}
Event: 0.592 GC heap before
{Heap before GC invocations=4 (full 0):
 garbage-first heap   total 129024K, used 60322K [0x0000000082800000, 0x0000000100000000)
  region size 1024K, 23 young (23552K), 3 survivors (3072K)
 Metaspace       used 941K, committed 1024K, reserved 1114112K
  class space    used 79K, committed 128K, reserved 1048576K
}
Event: 0.615 GC heap after
{Heap after GC invocations=5 (full 0):
 garbage-first heap   total 268288K, used 53248K [0x0000000082800000, 0x0000000100000000)
  region size 1024K, 3 young (3072K), 3 survivors (3072K)
 Metaspace       used 941K, committed 1024K, reserved 1114112K
  class space    used 79K, committed 128K, reserved 1048576K
}
Event: 0.666 GC heap before
{Heap before GC invocations=5 (full 0):
 garbage-first heap   total 268288K, used 79872K [0x0000000082800000, 0x0000000100000000)
  region size 1024K, 29 young (29696K), 3 survivors (3072K)
 Metaspace       used 941K, committed 1024K, reserved 1114112K
  class space    used 79K, committed 128K, reserved 1048576K
}
Event: 0.699 GC heap after
{Heap after GC invocations=6 (full 0):
 garbage-first heap   total 268288K, used 70144K [0x0000000082800000, 0x0000000100000000)
  region size 1024K, 4 young (4096K), 4 survivors (4096K)
 Metaspace       used 941K, committed 1024K, reserved 1114112K
  class space    used 79K, committed 128K, reserved 1048576K
}
Event: 0.750 GC heap before
{Heap before GC invocations=6 (full 0):
 garbage-first heap   total 268288K, used 104960K [0x0000000082800000, 0x0000000100000000)
  region size 1024K, 38 young (38912K), 4 survivors (4096K)
 Metaspace       used 941K, committed 1024K, reserved 1114112K
  class space    used 79K, committed 128K, reserved 1048576K
}
Event: 0.788 GC heap after
{Heap after GC invocations=7 (full 0):
 garbage-first heap   total 268288K, used 92672K [0x0000000082800000, 0x0000000100000000)
  region size 1024K, 5 young (5120K), 5 survivors (5120K)
 Metaspace       used 941K, committed 1024K, reserved 1114112K
  class space    used 79K, committed 128K, reserved 1048576K
}
Event: 1.089 GC heap before
{Heap before GC invocations=7 (full 0):
 garbage-first heap   total 268288K, used 137728K [0x0000000082800000, 0x0000000100000000)
  region size 1024K, 49 young (50176K), 5 survivors (5120K)
 Metaspace       used 1096K, committed 1280K, reserved 1114112K
  class space    used 97K, committed 192K, reserved 1048576K
}
Event: 1.180 GC heap after
{Heap after GC invocations=8 (full 0):
 garbage-first heap   total 268288K, used 124928K [0x0000000082800000, 0x0000000100000000)
  region size 1024K, 7 young (7168K), 7 survivors (7168K)
 Metaspace       used 1096K, committed 1280K, reserved 1114112K
  class space    used 97K, committed 192K, reserved 1048576K
}
Event: 1.517 GC heap before
{Heap before GC invocations=8 (full 0):
 garbage-first heap   total 268288K, used 141312K [0x0000000082800000, 0x0000000100000000)
  region size 1024K, 22 young (22528K), 7 survivors (7168K)
 Metaspace       used 2177K, committed 2304K, reserved 1114112K
  class space    used 215K, committed 256K, reserved 1048576K
}

